<?xml version="1.0" encoding="UTF-8"?>
<!-- Generated by org.testng.reporters.JUnitReportReporter -->
<testsuite skipped="0" hostname="DESKTOP-FRJJSM1" name="com.training.sanity.tests.TestsRTTC_0212" tests="1" failures="0" timestamp="2019-09-03T17:58:53 IST" time="16.147" errors="0">
  <testcase name="validLoginTest" time="16.147" classname="com.training.sanity.tests.TestsRTTC_0212"/>
</testsuite> <!-- com.training.sanity.tests.TestsRTTC_0212 -->
