<?xml version="1.0" encoding="UTF-8"?>
<!-- Generated by org.testng.reporters.JUnitReportReporter -->
<testsuite skipped="0" hostname="DESKTOP-FRJJSM1" name="com.training.regression.tests.Test_0850" tests="4" failures="0" timestamp="2019-09-25T19:52:36 IST" time="96.050" errors="0">
  <testcase name="checkorders" time="28.036" classname="com.training.regression.tests.Test_0850"/>
  <testcase name="checkorders" time="22.328" classname="com.training.regression.tests.Test_0850"/>
  <testcase name="checkorders" time="22.568" classname="com.training.regression.tests.Test_0850"/>
  <testcase name="checkorders" time="23.118" classname="com.training.regression.tests.Test_0850"/>
</testsuite> <!-- com.training.regression.tests.Test_0850 -->
