<?xml version="1.0" encoding="UTF-8"?>
<!-- Generated by org.testng.reporters.JUnitReportReporter -->
<testsuite skipped="0" hostname="DESKTOP-FRJJSM1" name="com.training.sanity.tests.Test_053" tests="1" failures="0" timestamp="2019-09-13T16:14:18 IST" time="25.571" errors="0">
  <testcase name="validLoginTest" time="25.571" classname="com.training.sanity.tests.Test_053"/>
</testsuite> <!-- com.training.sanity.tests.Test_053 -->
