<?xml version="1.0" encoding="UTF-8"?>
<!-- Generated by org.testng.reporters.JUnitReportReporter -->
<testsuite skipped="0" hostname="DESKTOP-FRJJSM1" name="com.training.sanity.tests.Test_024" tests="1" failures="0" timestamp="2019-09-06T19:29:08 IST" time="20.343" errors="0">
  <testcase name="validLoginTest" time="20.343" classname="com.training.sanity.tests.Test_024"/>
</testsuite> <!-- com.training.sanity.tests.Test_024 -->
