<?xml version="1.0" encoding="UTF-8"?>
<!-- Generated by org.testng.reporters.JUnitReportReporter -->
<testsuite skipped="0" hostname="DESKTOP-FRJJSM1" name="com.training.sanity.tests.Test_055" tests="1" failures="0" timestamp="2019-09-17T15:19:46 IST" time="31.045" errors="0">
  <testcase name="validLoginTest" time="31.045" classname="com.training.sanity.tests.Test_055"/>
</testsuite> <!-- com.training.sanity.tests.Test_055 -->
