<?xml version="1.0" encoding="UTF-8"?>
<!-- Generated by org.testng.reporters.JUnitReportReporter -->
<testsuite skipped="0" hostname="DESKTOP-FRJJSM1" name="com.training.regression.tests.Test_0820" tests="4" failures="0" timestamp="2019-09-25T18:55:19 IST" time="108.197" errors="0">
  <testcase name="createReturn" time="26.354" classname="com.training.regression.tests.Test_0820"/>
  <testcase name="createReturn" time="26.136" classname="com.training.regression.tests.Test_0820"/>
  <testcase name="createReturn" time="28.329" classname="com.training.regression.tests.Test_0820"/>
  <testcase name="createReturn" time="27.378" classname="com.training.regression.tests.Test_0820"/>
</testsuite> <!-- com.training.regression.tests.Test_0820 -->
