<?xml version="1.0" encoding="UTF-8"?>
<!-- Generated by org.testng.reporters.JUnitReportReporter -->
<testsuite skipped="0" hostname="DESKTOP-FRJJSM1" name="com.training.regression.tests.Test_082" tests="4" failures="0" timestamp="2019-09-25T21:21:01 IST" time="132.339" errors="0">
  <testcase name="createReturn" time="40.222" classname="com.training.regression.tests.Test_082"/>
  <testcase name="createReturn" time="31.065" classname="com.training.regression.tests.Test_082"/>
  <testcase name="createReturn" time="30.894" classname="com.training.regression.tests.Test_082"/>
  <testcase name="createReturn" time="30.158" classname="com.training.regression.tests.Test_082"/>
</testsuite> <!-- com.training.regression.tests.Test_082 -->
