<?xml version="1.0" encoding="UTF-8"?>
<!-- Generated by org.testng.reporters.JUnitReportReporter -->
<testsuite skipped="0" hostname="DESKTOP-FRJJSM1" name="com.training.sanity.tests.LoginTestsRTTC_022" tests="1" failures="0" timestamp="2019-09-01T17:48:08 IST" time="20.705" errors="0">
  <testcase name="validLoginTest" time="20.705" classname="com.training.sanity.tests.LoginTestsRTTC_022"/>
</testsuite> <!-- com.training.sanity.tests.LoginTestsRTTC_022 -->
