<?xml version="1.0" encoding="UTF-8"?>
<!-- Generated by org.testng.reporters.JUnitReportReporter -->
<testsuite skipped="0" hostname="DESKTOP-FRJJSM1" name="com.training.sanity.tests.Test_022" tests="1" failures="0" timestamp="2019-09-06T19:32:22 IST" time="19.015" errors="0">
  <testcase name="validLoginTest" time="19.015" classname="com.training.sanity.tests.Test_022"/>
</testsuite> <!-- com.training.sanity.tests.Test_022 -->
