<?xml version="1.0" encoding="UTF-8"?>
<!-- Generated by org.testng.reporters.JUnitReportReporter -->
<testsuite skipped="0" hostname="DESKTOP-FRJJSM1" name="com.training.sanity.tests.Test_025" tests="1" failures="0" timestamp="2019-09-06T19:27:31 IST" time="19.065" errors="0">
  <testcase name="validLoginTest" time="19.065" classname="com.training.sanity.tests.Test_025"/>
</testsuite> <!-- com.training.sanity.tests.Test_025 -->
