<?xml version="1.0" encoding="UTF-8"?>
<!-- Generated by org.testng.reporters.JUnitReportReporter -->
<testsuite skipped="0" hostname="DESKTOP-FRJJSM1" name="com.training.regression.tests.LoginExcelTest" tests="2" failures="0" timestamp="2019-09-20T17:44:45 IST" time="39.093" errors="0">
  <testcase name="loginDBTest" time="22.211" classname="com.training.regression.tests.LoginExcelTest"/>
  <testcase name="loginDBTest" time="16.882" classname="com.training.regression.tests.LoginExcelTest"/>
</testsuite> <!-- com.training.regression.tests.LoginExcelTest -->
