<?xml version="1.0" encoding="UTF-8"?>
<!-- Generated by org.testng.reporters.JUnitReportReporter -->
<testsuite skipped="0" hostname="DESKTOP-FRJJSM1" name="com.training.sanity.tests.Test_052" tests="1" failures="0" timestamp="2019-09-13T15:38:40 IST" time="33.938" errors="0">
  <testcase name="validLoginTest" time="33.938" classname="com.training.sanity.tests.Test_052"/>
</testsuite> <!-- com.training.sanity.tests.Test_052 -->
