<?xml version="1.0" encoding="UTF-8"?>
<!-- Generated by org.testng.reporters.JUnitReportReporter -->
<testsuite skipped="0" hostname="DESKTOP-FRJJSM1" name="com.training.sanity.tests.Test_02100" tests="1" failures="0" timestamp="2019-09-05T18:55:59 IST" time="26.285" errors="0">
  <testcase name="validLoginTest" time="26.285" classname="com.training.sanity.tests.Test_02100"/>
</testsuite> <!-- com.training.sanity.tests.Test_02100 -->
