<?xml version="1.0" encoding="UTF-8"?>
<!-- Generated by org.testng.reporters.JUnitReportReporter -->
<testsuite skipped="0" hostname="DESKTOP-FRJJSM1" name="com.training.sanity.tests.Test_0520" tests="2" failures="0" timestamp="2019-09-13T15:48:15 IST" time="9.699" errors="0">
  <testcase name="addrewardspoints" time="8.518" classname="com.training.sanity.tests.Test_0520"/>
  <testcase name="rewardsaddedtocustomers" time="1.181" classname="com.training.sanity.tests.Test_0520"/>
</testsuite> <!-- com.training.sanity.tests.Test_0520 -->
