<?xml version="1.0" encoding="UTF-8"?>
<!-- Generated by org.testng.reporters.JUnitReportReporter -->
<testsuite skipped="0" hostname="DESKTOP-FRJJSM1" name="com.training.regression.tests.Test_0840" tests="1" failures="0" timestamp="2019-09-21T18:47:28 IST" time="23.318" errors="0">
  <testcase name="createProductTest" time="23.318" classname="com.training.regression.tests.Test_0840"/>
</testsuite> <!-- com.training.regression.tests.Test_0840 -->
