<?xml version="1.0" encoding="UTF-8"?>
<!-- Generated by org.testng.reporters.JUnitReportReporter -->
<testsuite skipped="0" hostname="DESKTOP-FRJJSM1" name="com.training.regression.tests.Test_085" tests="4" failures="0" timestamp="2019-09-25T21:25:47 IST" time="88.855" errors="0">
  <testcase name="checkorders" time="21.971" classname="com.training.regression.tests.Test_085"/>
  <testcase name="checkorders" time="22.805" classname="com.training.regression.tests.Test_085"/>
  <testcase name="checkorders" time="21.565" classname="com.training.regression.tests.Test_085"/>
  <testcase name="checkorders" time="22.514" classname="com.training.regression.tests.Test_085"/>
</testsuite> <!-- com.training.regression.tests.Test_085 -->
