<?xml version="1.0" encoding="UTF-8"?>
<!-- Generated by org.testng.reporters.JUnitReportReporter -->
<testsuite skipped="0" hostname="DESKTOP-FRJJSM1" name="com.training.regression.tests.Test_083" tests="4" failures="0" timestamp="2019-09-25T21:00:28 IST" time="97.520" errors="0">
  <testcase name="createReturn" time="22.357" classname="com.training.regression.tests.Test_083"/>
  <testcase name="createReturn" time="27.468" classname="com.training.regression.tests.Test_083"/>
  <testcase name="createReturn" time="23.320" classname="com.training.regression.tests.Test_083"/>
  <testcase name="createReturn" time="24.375" classname="com.training.regression.tests.Test_083"/>
</testsuite> <!-- com.training.regression.tests.Test_083 -->
