<?xml version="1.0" encoding="UTF-8"?>
<!-- Generated by org.testng.reporters.JUnitReportReporter -->
<testsuite skipped="0" hostname="DESKTOP-FRJJSM1" name="com.training.sanity.tests.Test_0510" tests="2" failures="0" timestamp="2019-09-13T17:15:22 IST" time="13.346" errors="0">
  <testcase name="CreateCustomerGroup" time="7.052" classname="com.training.sanity.tests.Test_0510"/>
  <testcase name="CreateCustomer" time="6.294" classname="com.training.sanity.tests.Test_0510"/>
</testsuite> <!-- com.training.sanity.tests.Test_0510 -->
