<?xml version="1.0" encoding="UTF-8"?>
<!-- Generated by org.testng.reporters.JUnitReportReporter -->
<testsuite skipped="0" hostname="DESKTOP-FRJJSM1" name="com.training.regression.tests.Test_0830" tests="4" failures="0" timestamp="2019-09-25T20:54:08 IST" time="104.316" errors="0">
  <testcase name="createReturn" time="22.533" classname="com.training.regression.tests.Test_0830"/>
  <testcase name="createReturn" time="23.850" classname="com.training.regression.tests.Test_0830"/>
  <testcase name="createReturn" time="28.309" classname="com.training.regression.tests.Test_0830"/>
  <testcase name="createReturn" time="29.624" classname="com.training.regression.tests.Test_0830"/>
</testsuite> <!-- com.training.regression.tests.Test_0830 -->
