<?xml version="1.0" encoding="UTF-8"?>
<!-- Generated by org.testng.reporters.JUnitReportReporter -->
<testsuite skipped="0" hostname="DESKTOP-FRJJSM1" name="com.training.sanity.tests.Test_021" tests="1" failures="0" timestamp="2019-09-06T20:49:10 IST" time="24.109" errors="0">
  <testcase name="validLoginTest" time="24.109" classname="com.training.sanity.tests.Test_021"/>
</testsuite> <!-- com.training.sanity.tests.Test_021 -->
