<?xml version="1.0" encoding="UTF-8"?>
<!-- Generated by org.testng.reporters.JUnitReportReporter -->
<testsuite skipped="0" hostname="DESKTOP-FRJJSM1" name="com.training.sanity.tests.Test_055" tests="1" failures="0" timestamp="2019-09-19T18:43:20 IST" time="29.487" errors="0">
  <testcase name="validLoginTest" time="29.487" classname="com.training.sanity.tests.Test_055"/>
</testsuite> <!-- com.training.sanity.tests.Test_055 -->
