<?xml version="1.0" encoding="UTF-8"?>
<!-- Generated by org.testng.reporters.JUnitReportReporter -->
<testsuite skipped="0" hostname="DESKTOP-FRJJSM1" name="com.training.regression.tests.LoginDBTest" tests="2" failures="0" timestamp="2019-09-20T18:20:41 IST" time="38.652" errors="0">
  <testcase name="loginDBTest" time="18.502" classname="com.training.regression.tests.LoginDBTest"/>
  <testcase name="loginDBTest" time="20.150" classname="com.training.regression.tests.LoginDBTest"/>
</testsuite> <!-- com.training.regression.tests.LoginDBTest -->
