<?xml version="1.0" encoding="UTF-8"?>
<!-- Generated by org.testng.reporters.JUnitReportReporter -->
<testsuite skipped="0" hostname="DESKTOP-FRJJSM1" name="com.training.sanity.tests.Test_051" tests="1" failures="0" timestamp="2019-09-13T12:58:35 IST" time="28.314" errors="0">
  <testcase name="validLoginTest" time="28.314" classname="com.training.sanity.tests.Test_051"/>
</testsuite> <!-- com.training.sanity.tests.Test_051 -->
