<?xml version="1.0" encoding="UTF-8"?>
<!-- Generated by org.testng.reporters.JUnitReportReporter -->
<testsuite skipped="0" hostname="DESKTOP-FRJJSM1" name="com.training.sanity.tests.Test_021" tests="1" failures="0" timestamp="2019-09-20T10:51:44 IST" time="22.899" errors="0">
  <testcase name="validLoginTest" time="22.899" classname="com.training.sanity.tests.Test_021"/>
</testsuite> <!-- com.training.sanity.tests.Test_021 -->
