<?xml version="1.0" encoding="UTF-8"?>
<!-- Generated by org.testng.reporters.JUnitReportReporter -->
<testsuite skipped="0" hostname="DESKTOP-FRJJSM1" name="com.training.sanity.tests.Test_084" tests="1" failures="0" timestamp="2019-09-21T14:31:32 IST" time="26.982" errors="0">
  <testcase name="validLoginTest" time="26.982" classname="com.training.sanity.tests.Test_084"/>
</testsuite> <!-- com.training.sanity.tests.Test_084 -->
