<?xml version="1.0" encoding="UTF-8"?>
<!-- Generated by org.testng.reporters.JUnitReportReporter -->
<testsuite skipped="0" hostname="DESKTOP-FRJJSM1" name="com.training.regression.tests.Test_084" tests="1" failures="0" timestamp="2019-09-25T20:02:09 IST" time="35.599" errors="0">
  <testcase name="createProductTest" time="35.599" classname="com.training.regression.tests.Test_084"/>
</testsuite> <!-- com.training.regression.tests.Test_084 -->
