<?xml version="1.0" encoding="UTF-8"?>
<!-- Generated by org.testng.reporters.JUnitReportReporter -->
<testsuite skipped="0" hostname="DESKTOP-FRJJSM1" name="com.training.sanity.tests.Test_023" tests="1" failures="0" timestamp="2019-09-06T19:30:25 IST" time="20.341" errors="0">
  <testcase name="validLoginTest" time="20.341" classname="com.training.sanity.tests.Test_023"/>
</testsuite> <!-- com.training.sanity.tests.Test_023 -->
